build/outputs/logs/manifest-merger-debug-report.txt
-- Merging decision tree log ---
manifest
ADDED from NaverOAuthSample\AndroidManifest.xml:2:1-40:12
	package
		ADDED from NaverOAuthSample\AndroidManifest.xml:3:5-36
	android:versionName
		ADDED from NaverOAuthSample\AndroidManifest.xml:5:5-30
		INJECTED from NaverOAuthSample\AndroidManifest.xml
		INJECTED from NaverOAuthSample\AndroidManifest.xml
	android:versionCode
		ADDED from NaverOAuthSample\AndroidManifest.xml:4:5-28
		INJECTED from NaverOAuthSample\AndroidManifest.xml
		INJECTED from NaverOAuthSample\AndroidManifest.xml
	xmlns:android
		ADDED from NaverOAuthSample\AndroidManifest.xml:2:11-69
uses-permission#android.permission.INTERNET
ADDED from NaverOAuthSample\AndroidManifest.xml:9:5-67
	android:name
		ADDED from NaverOAuthSample\AndroidManifest.xml:9:22-64
uses-permission#android.permission.ACCESS_NETWORK_STATE
ADDED from NaverOAuthSample\AndroidManifest.xml:12:5-79
	android:name
		ADDED from NaverOAuthSample\AndroidManifest.xml:12:22-76
uses-sdk
ADDED from NaverOAuthSample\AndroidManifest.xml:14:5-16:41
	android:targetSdkVersion
		ADDED from NaverOAuthSample\AndroidManifest.xml:16:9-38
	android:minSdkVersion
		ADDED from NaverOAuthSample\AndroidManifest.xml:15:9-34
application
ADDED from NaverOAuthSample\AndroidManifest.xml:18:5-38:19
	android:label
		ADDED from NaverOAuthSample\AndroidManifest.xml:20:9-41
	android:icon
		ADDED from NaverOAuthSample\AndroidManifest.xml:19:9-45
activity#com.nhn.android.oauth.ui.OAuthSampleActivity
ADDED from NaverOAuthSample\AndroidManifest.xml:22:9-29:20
	android:label
		ADDED from NaverOAuthSample\AndroidManifest.xml:24:13-45
	android:name
		ADDED from NaverOAuthSample\AndroidManifest.xml:23:13-51
intent-filter#android.intent.action.MAIN+android.intent.category.LAUNCHER
ADDED from NaverOAuthSample\AndroidManifest.xml:25:13-28:29
action#android.intent.action.MAIN
ADDED from NaverOAuthSample\AndroidManifest.xml:26:17-69
	android:name
		ADDED from NaverOAuthSample\AndroidManifest.xml:26:25-66
category#android.intent.category.LAUNCHER
ADDED from NaverOAuthSample\AndroidManifest.xml:27:17-77
	android:name
		ADDED from NaverOAuthSample\AndroidManifest.xml:27:27-74
activity#com.nhn.android.naverlogin.ui.OAuthLoginActivity
ADDED from NaverOAuthSample\AndroidManifest.xml:33:9-34:74
	android:theme
		ADDED from NaverOAuthSample\AndroidManifest.xml:34:13-72
	android:name
		ADDED from NaverOAuthSample\AndroidManifest.xml:33:19-82
activity#com.nhn.android.naverlogin.ui.OAuthLoginInAppBrowserActivity
ADDED from NaverOAuthSample\AndroidManifest.xml:35:9-36:46
	android:label
		ADDED from NaverOAuthSample\AndroidManifest.xml:36:13-44
	android:name
		ADDED from NaverOAuthSample\AndroidManifest.xml:35:19-94